LOG PEMBERSIHAN DATA - TAHAP 1: MEMBANGUN CASE BASE
Total dokumen diproses : 40
Status OK (>=80%)      : 40
Status WARNING (<80%)  : 0
------------------------------------------------------------------------------------------
case_001.txt	panjang_asli=2892	panjang_bersih=2342	rasio=80.98%	status=OK
case_002.txt	panjang_asli=2925	panjang_bersih=2375	rasio=81.20%	status=OK
case_003.txt	panjang_asli=2920	panjang_bersih=2370	rasio=81.16%	status=OK
case_004.txt	panjang_asli=2907	panjang_bersih=2357	rasio=81.08%	status=OK
case_005.txt	panjang_asli=2914	panjang_bersih=2364	rasio=81.13%	status=OK
case_006.txt	panjang_asli=2902	panjang_bersih=2352	rasio=81.05%	status=OK
case_007.txt	panjang_asli=2911	panjang_bersih=2361	rasio=81.11%	status=OK
case_008.txt	panjang_asli=2946	panjang_bersih=2396	rasio=81.33%	status=OK
case_009.txt	panjang_asli=2964	panjang_bersih=2413	rasio=81.41%	status=OK
case_010.txt	panjang_asli=2870	panjang_bersih=2319	rasio=80.80%	status=OK
case_011.txt	panjang_asli=2906	panjang_bersih=2355	rasio=81.04%	status=OK
case_012.txt	panjang_asli=2885	panjang_bersih=2334	rasio=80.90%	status=OK
case_013.txt	panjang_asli=2967	panjang_bersih=2416	rasio=81.43%	status=OK
case_014.txt	panjang_asli=2927	panjang_bersih=2376	rasio=81.18%	status=OK
case_015.txt	panjang_asli=2888	panjang_bersih=2337	rasio=80.92%	status=OK
case_016.txt	panjang_asli=2927	panjang_bersih=2376	rasio=81.18%	status=OK
case_017.txt	panjang_asli=2906	panjang_bersih=2355	rasio=81.04%	status=OK
case_018.txt	panjang_asli=2910	panjang_bersih=2359	rasio=81.07%	status=OK
case_019.txt	panjang_asli=2924	panjang_bersih=2373	rasio=81.16%	status=OK
case_020.txt	panjang_asli=2929	panjang_bersih=2378	rasio=81.19%	status=OK
case_021.txt	panjang_asli=2982	panjang_bersih=2431	rasio=81.52%	status=OK
case_022.txt	panjang_asli=2963	panjang_bersih=2412	rasio=81.40%	status=OK
case_023.txt	panjang_asli=2930	panjang_bersih=2379	rasio=81.19%	status=OK
case_024.txt	panjang_asli=2895	panjang_bersih=2344	rasio=80.97%	status=OK
case_025.txt	panjang_asli=2897	panjang_bersih=2346	rasio=80.98%	status=OK
case_026.txt	panjang_asli=2873	panjang_bersih=2322	rasio=80.82%	status=OK
case_027.txt	panjang_asli=2932	panjang_bersih=2381	rasio=81.21%	status=OK
case_028.txt	panjang_asli=2986	panjang_bersih=2435	rasio=81.55%	status=OK
case_029.txt	panjang_asli=2933	panjang_bersih=2382	rasio=81.21%	status=OK
case_030.txt	panjang_asli=2916	panjang_bersih=2365	rasio=81.10%	status=OK
case_031.txt	panjang_asli=2874	panjang_bersih=2323	rasio=80.83%	status=OK
case_032.txt	panjang_asli=2915	panjang_bersih=2364	rasio=81.10%	status=OK
case_033.txt	panjang_asli=2934	panjang_bersih=2383	rasio=81.22%	status=OK
case_034.txt	panjang_asli=2922	panjang_bersih=2371	rasio=81.14%	status=OK
case_035.txt	panjang_asli=2979	panjang_bersih=2428	rasio=81.50%	status=OK
case_036.txt	panjang_asli=2967	panjang_bersih=2416	rasio=81.43%	status=OK
case_037.txt	panjang_asli=2895	panjang_bersih=2344	rasio=80.97%	status=OK
case_038.txt	panjang_asli=2895	panjang_bersih=2344	rasio=80.97%	status=OK
case_039.txt	panjang_asli=2918	panjang_bersih=2367	rasio=81.12%	status=OK
case_040.txt	panjang_asli=2921	panjang_bersih=2370	rasio=81.14%	status=OK
